500
0 3172 4178 3298 8023 2178 720 4634 9561 8022 6392 979 4020 1149 3792 5775
1 812 2177 2190 6349 6037 4703 1997 3184 578 7760 1355 1071 3964 9709 4035 1105 3783
2 9062 9092 9150 9494 9651 9742 9882 9890 5451 6161 4765 3758
3 1222 1322 1467 1473 1553 1590 1631 1716 1932 2598 6537
4 4347 8117 7730 8388 8199 3417 1370 2008 7165 8254 3312 4605 1624 8017 1042 1105 450 9930
5 3531 3554 3751 3776 3898 3993 4048 4194 4411 4494 5798 2304 7652
6 8740 6527 4812 374 3383 3610 8332 6650 3253 8348 3924 1026 6176 9235 8938 4941 199 7413 7296
7 1982 231 5859 6972 2872 5493 6481 7671 6915 138 8209 3561 5507
8 488 9804 9695 8890 8739 2346 9031 3177 6434 4981 2491 6496 3219 2790 321 9545
9 3643 7537 3153 3099 3350 6573 8267 7032 6896 3919 400 5211 7321 952 6292 2422
10 1493 1510 1516 1533 1760 1912 1963 1972 1983 2023 2032 2214 3032
11 581 665 739 741 749 797 888 1016 1104 2029 1557 3936
12 4622 9550 1849 5312 4347 7869 7907 7481 4288 7816 122 1752 2288 9075 2962
13 5795 8484 9702 2777 3786 5218 8712 5031 3127 1793 5514 7867 8622 1498 2147 4606 2158 1383
14 54 152 153 226 395 400 511 557 689 703 706 707 763 1081 3602 7699
15 4380 4761 9006 4657 7581 4396 8016 6903 9137 6630 3982 1668
16 5245 6693 5522 4213 266 9156 2785 7947 759 3039 5029 1391 6621 8671 2
17 3381 9201 9359 9368 9401 9454 9575 9586 9666 9805 9901 5761 4027 4531 6134
18 362 7884 367 5010 2220 1572 1954 1077 6313 21 7641 5486 9602
19 518 6514 5416 7322 8703 7320 5083 9574 4076 9976 3261 1601 7787 6258 2962 8716 935 9007
20 5510 5613 5637 5852 5854 6088 6091 6139 6352 6639 6913 7365 6467
21 1770 2436 4042 8051 2431 3626 8511 3279 398 4107 1396 6385 6030 9139 7880
22 8292 8416 8488 8583 8627 8659 8667 8772 8793 8824 8949 3376
23 891 5617 8200 2453 4023 8681 2111 981 1014 2806 518 4505 8104 4679 8431 9453
24 1811 2021 2048 2050 2066 2086 2183 2192 2217 2256 2483 2791 3236 6170 8495 9129
25 3342 3353 3486 3592 3796 3800 3826 3988 4209 4345 1343
26 3650 6639 3021 2690 5025 7533 1712 2908 4315 6595 4619 9107 4679 1524 5064 6030
27 2161 5794 7525 6918 9529 7929 4560 1664 1139 8735 9403 3117 7036 1341 2072 8495 6778 7296
28 4443 4447 4612 4614 4638 4800 4877 5170 5172 5216 6071 1625 321
29 7540 9459 6881 268 8057 2787 9526 1531 6063 5022 79 6913 4377 863 9968 6938 5307
30 7783 8040 8140 8292 8326 8354 8361 8413 8574 8615 1042 5869
31 5741 3121 5275 2636 4973 8716 1295 7561 2279 5596 1436 1673 3316 9834 2555
32 9422 9523 9635 9762 9992 275 5735 6244 652 458 459 1036 1869 8722
33 3631 3685 3743 3817 3818 3819 3900 3926 4372 4408 4422 4435 8776
34 5328 5356 5404 5506 5554 5756 5874 5953 5961 6019 3932 6296
35 8674 4353 4296 5952 9593 9991 2404 5992 1658 7461 5703 6673 9909 8609 6584 1105 2962
36 3501 2107 5179 8084 107 4224 6925 8263 6721 254 2491 2920 5125 7968 2790 935 9160 9968
37 702 715 727 736 772 811 911 1183 1224 1267 1569 2085 8671 7413
38 3759 3954 4210 4342 4500 4694 4766 4904 4966 5162 5211 5810 7791 4765 9007
39 4291 6258 8348 5110 7573 2038 2504 9839 777 7199 9189 1978 7219 4901
40 1827 5750 2400 102 1149 6121 7956 6225 8374 7838 8131 5504 9160 5219 3584
41 6579 6656 6764 6896 6926 7016 7134 7196 7259 7364 7997
42 8157 4661 9744 6424 5825 9019 1276 9230 9886 8620 8271 9639 7331 3261 8696 3823 5639 4341 325 6258 5880
43 1201 9923 6412 5519 8349 9862 4553 6829 3301 7552 7072 9848 7709 6258 1105 7949
44 720 9511 7800 1280 4835 7386 7986 8961 2210 6344 9659 842 1625 8062 7669 6547
45 7885 4429 8263 3320 2235 7123 3125 5728 6052 9387 3741 3100 4304 5807 7586 8722 7713 4985 7949 2962
46 7287 7332 7425 7734 7755 7912 8036 8039 8058 8136 8186 8309 8729
47 8064 8200 8279 8414 8469 8476 8499 8502 8523 8538 8544 8810 8837 9014 3753 7997
48 2512 833 2054 3227 4051 9340 1093 8610 2701 3657 1696 8259 6095 2128 3673 5775 8994 9968
49 3005 4419 2972 7160 7210 6925 1662 3100 6568 2664 1090 3810 6453 9731 2240 4314 6134 8832 1668
50 3587 1513 6857 9138 5043 5283 6650 5381 5474 6222 9790 30 916 9623 6492 6187 1260 3371
51 9302 2736 141 8699 9016 5453 1768 7485 166 1312 1365 4222 1295 9244
52 17 81 127 174 268 315 366 402 411 416 469 686 1153 3004 4071 7880
53 532 8718 8160 4746 4015 4426 8511 5730 5935 8844 6613 3852 7852 8470 7240
54 529 560 562 612 613 677 765 856 896 1193 1323 1384 2322 4923 7439 8812
55 3447 3534 3723 3766 3913 3927 4002 4072 4074 4178 4219 4330 9270
56 9376 7909 1398 3819 2058 514 4704 8141 1536 141 859 3736 1874 7880 5043 447
57 582 4133 5143 9649 5414 1711 9190 6351 1874 7366 9636 5909 8541 8686 2392 9013 8528 5156 8994 3894
58 5422 4327 2336 8 2584 2704 963 8291 8163 3304 6021
59 2271 2273 2335 2364 2459 2563 2594 2603 2736 2746 2774 2780 2818 7845 6986 2
60 8937 4586 4345 1145 4552 4217 6478 8278 727 4124 1346 9943 4951 135 8470 979 9244
61 39 171 194 229 323 372 582 590 692 842 991 1123 2630 2673 3111 3032 7652 1299
62 4319 6395 7306 7185 1548 563 8758 7810 7812 8930 9259 3004 2240 427
63 210 9505 9650 5181 4527 8972 6561 4883 3342 4347 9438 1436 6015 79 8195 3836 3074 8994 9007 9533
64 7493 8817 9044 9278 3037 232 2018 1241 1919 1434 6360 9852 5762
65 1239 2213 5557 9931 9127 4579 4607 6547 5308 3691 8520 6516 3023 7413
66 3059 2263 8889 940 5906 6398 8882 6548 7931 9239 301 9955 5869
67 6154 8976 6312 788 1935 5748 268 3926 2611 967 4425 6468 4450 1142 2847 7438
68 5007 5595 8336 1033 6449 122 1696 5189 2107 1408 8342 8953 1085 3751 9299
69 6547 9592 417 2614 8170 6282 3153 4648 6257 7317 5798 9777 9693 8506 5099 4341 979
70 8467 7228 2699 7947 1107 3710 8035 6184 624 7077 4909 5637 6070 1956 9007 2288
71 4882 5011 5147 5646 5712 5890 5968 6325 8830
72 3215 3405 3436 3605 3638 3691 3708 4038 4040 4054 4233 1784 3885
73 547 549 579 664 748 765 959 1041 1192 2978 8212
74 7606 9759 7676 1765 1792 1873 1923 1937 1955 1977 2032 2161 2464 2653 3234 7517 6467 7652
75 9717 9723 9772 9812 746 849 984 1052 1152 1178 6369 4377
76 2903 8513 9898 1198 7692 7948 9181 6064 6797 2967 8238 5864 9545
77 23 44 98 166 305 367 533 716 724 908 924 955 7699
78 2566 6577 2127 273 661 4287 9781 9318 5060 8092 3233 6046 6986 1625 6537 4377 7699
79 6542 2509 4344 2902 4496 5329 7121 7937 8710 5130 2184 395 8140 3074 79
80 35 212 276 298 306 370 503 628 639 691 733 1852 3371 3533 4855 8716 3602
81 8311 9505 8925 3864 9282 3776 7361 6825 7534 2240 9970 6358 9676 3741 9168 5797 8268 9138 9129
82 3535 7362 4223 9444 340 2393 5752 7504 1345 7453 3682 854 3788 6717 5961 1105 4400 2666
83 847 3558 3467 6863 9140 4060 8405 8626 3598 1786 4092 4507 1657 2670 4071 2643 7240 8220 6014 9139
84 3119 6691 4734 7804 5727 4026 7668 1453 4241 3793 4755 9957 9301 5962 979 7883
85 2530 2695 2709 2791 2807 2845 3002 3245 3291 3391 4091 7413
86 9350 3599 4824 1996 5211 8664 3479 4066 5611 718 9422 5257 5443 1375 7304 183 4035 5412
87 810 2744 8183 5704 6265 6911 3755 7545 6349 7899 4413 7024 7192 7266 7880
88 524 8353 4505 1683 428 5556 4959 5044 7087 8021 4846 906 2486 5862 496 2121
89 2497 6054 9676 9235 1940 5391 2468 8164 966 2777 3133 7744
90 2761 2787 2850 2862 2896 2961 2992 3129 3221 3414 7575
91 4816 4819 4840 4920 5021 5041 5356 5474 5560 5631 5637 5771 6351
92 1342 1361 1394 1486 1506 1563 1746 1757 1832 1848 2073 2927 3432 6021 321
93 8880 2515 6341 2466 9413 5533 854 4076 216 6588 2404 9741 7956 4340 9007 979
94 5502 3085 7966 8845 3551 4213 8017 3226 5733 6064 9979 3989 4928 8284 1774 7949
95 8850 8860 8928 8945 8981 9097 9109 9189 9233 9293 9581 9648 5401 1343 8406
96 6640 3051 648 6116 5384 5546 2357 2683 9018 4132 1917 7008 5087 6888 838 3877 7883
97 815 879 902 987 1084 1127 1277 1330 1390 1398 1400 4362 8431 8125
98 6685 6764 6789 6803 6808 6845 6897 7036 7047 7091 7526 8248 4985 6613
99 145 172 235 257 307 337 370 402 491 560 630 774 838 847 1125 1364 1411 1557 1685
100 700 2783 2813 2876 2977 3005 3035 3069 3344 3362 3392 3402 3433 3465 9224 3728
101 7447 120 270 5766 3447 5517 8989 5442 7684 8281 1801 7955 2902 9301 6545 4352
102 4580 62 8090 4996 6686 5902 4279 656 7591 5479 6448 4923 7290 745 6258
103 866 3053 8882 292 7364 4062 484 9 14 90 103 169 1504 6545
104 1447 1486 1633 1658 1685 1837 1879 1898 2071 2078 2082 2098 2321 2735 4923 7575
105 3334 2521 391 3118 1420 5166 3716 5551 6060 8756 450 9903 6101 1353 3012
106 6208 5499 9641 3275 2822 6830 4593 827 2794 843 3393 2555 7413
107 4706 4846 4947 5183 5276 5316 5474 5719 5836 5861 5963 5992 8169 9013
108 5407 1327 4542 30 3353 7721 8753 3084 9876 9856 9977 9271 6875 7252 6534 7179 321
109 1479 5182 3450 6631 4913 8123 4036 2525 9964 283 3535 6161 2968 3684 4256 4793 7575 4619 7517 200 6054 427
110 1686 7355 9111 5754 8714 1049 9584 8296 9194 5293 2744 2391 2441 1479 3144 7429 4909 9129
111 191 5561 1586 3210 8460 9705 3332 8958 1971 8108 687 9230 3261 7880
112 132 6560 5749 9316 5220 3217 8577 8002 7213 7013 9522 4352 6523 6619 2121 9968 79 5748
113 8080 9722 1611 5339 1477 6192 1439 9675 2663 4875 4928 4720 2294 7240 8751 1501 1668
114 8234 6324 7833 5494 3182 6748 653 3037 3454 8560 2152 9372 860 9955 5053 4539 2121 5507 4340 2
115 2998 3076 3361 3514 3567 3597 3686 3829 3983 4092 4209 8844
116 1432 1785 1806 2192 2444 2494 2622 2624 2667 2735 2909 2929 2982 3562 1454 1984
117 1336 583 847 8786 6554 468 8493 5115 2979 5386 6338 8424 7734 2730 2003 5295 1982 7498 5783 9374 3836
118 7317 1702 7420 7624 7346 7639 1662 1516 8975 1195 2 6458 4664 780 3758 3894 6021 2962
119 8123 8135 8330 8389 8505 8529 8619 8621 8770 9065 9380 9852 9842
120 5955 6085 6179 6396 6432 6522 7095 7203 7292 7653 177 9244
121 5269 5332 5444 5627 5704 5811 5843 5872 5994 6001 6009 6671 6970 7880 6613
122 2987 5384 9398 52 142 201 334 380 417 486 492 8841 979
123 3808 7359 7365 7405 7521 7680 7743 7753 7889 8224 8540 8587 8600 8899 8922 116 1083 1256 4035
124 9623 1392 1472 1631 1679 1700 1749 1762 2083 2178 2207 4783 7742 7429
125 5552 2100 6741 9163 874 5885 5050 1168 240 5445 2135 6493 9957 1929 3259 6101 6258 5902 1134 2327 2437
126 4888 7358 9695 605 5755 7127 4880 6327 3516 3524 5718 8439 5913 9197 7709 9533
127 146 7155 8404 7025 8675 7705 8156 8920 7202 7184 6739 4020 9244 6613
128 8827 8131 4937 8119 1805 8797 6971 3376 3543 3645 7001 1958 4383 7883 3732 5334 4352
129 3796 3859 3995 4376 4381 4389 4444 4478 4640 4951 9842 6101 2288
130 6378 6380 6521 6663 6667 6732 6753 6894 6917 7272 9089 5340
131 3177 3440 3660 3793 3837 3943 3978 4086 4171 4212 8116
132 68 87 100 414 477 520 646 808 1098 1613 2383 7285 7545
133 54 80 119 232 247 366 402 499 561 571 650 771 1075 1077 1358 3163
134 3448 3526 3762 3911 3950 3972 3994 4023 4092 4156 4607 5090 5862 4901
135 9839 9626 4799 3351 8182 650 3669 1449 9216 2857 1931 3544 3545 9281 5356 2475 7713 4527 352
136 111 209 218 231 252 315 434 549 629 691 949 2704 7732 1524 7296 5340
137 1777 1828 1901 1998 2378 2466 2580 2621 2741 2806 2956 4034 2414 2986
138 7144 8982 3338 1153 5855 2300 7903 381 3658 6902 4107 9197 9270
139 2677 2784 2797 2883 2959 3016 3148 3182 3222 3318 3324 4063 7874 8910 569
140 4247 4369 4543 4563 4587 4696 4725 4744 5150 3521 2121
141 6452 4103 8748 887 437 5204 4242 5900 9767 3364 9377 3371 6067 3830
142 5564 5615 5683 5727 5851 5903 5919 5953 6416 6954 9834 9848
143 4369 4481 4489 4555 4574 4575 4895 4939 5347 5409 5472 7101 8269 412
144 794 2169 580 8074 5075 8677 2802 6653 122 9714 2518 3468 6405 4289 2704 7997 3894
145 3382 9041 5465 361 210 8391 7210 9716 6888 8332 6260 502 2873 9331 5668 9007 8140 1900 5251
146 138 246 250 265 294 312 334 366 497 573 616 1153 3894
147 72 96 128 197 287 313 333 347 413 532 625 771 1583 6465
148 423 3142 2061 9482 745 3949 1147 4704 5990 9120 4056 1289 3163 6827 2 3074 2288 2340
149 1298 1386 1412 1603 1669 1728 1769 1804 2033
150 6033 5409 8756 2402 9050 1933 5110 8931 4873 1218 5743 940 1418 1871 3982 7762 1668 5412
151 1419 1461 1573 1682 1732 1801 1813 1972 1989 2634 4626 5885 6547 7883
152 5986 6078 6180 6287 6335 6396 6504 6510 8333
153 4277 4343 4396 4573 4576 4670 4726 4733 4781 4826 4897 5061 4787 8491
154 5444 5464 5637 5889 5953 6189 6387 6453 6495 6594 6602 6652 6681 6682 6836 6913
155 6151 6294 6429 6477 6506 6572 6601 6622 6636 6666 6884 7050 8167 2986 5869 6827
156 4032 3262 4867 8815 5382 1565 8063 4988 3373 4377
157 6370 6474 6478 6670 6744 6813 6828 6847 6877 6987 6991 7044 7048
158 1034 4891 6862 7743 503 1195 2798 7751 7525 2536 5504 9585 7507 8220 7601 9129 4199 7296
159 8466 8475 8603 8632 8876 9009 9070 9083 9110 9162 9195 3961 4314
160 1708 5676 8568 5504 6260 7314 2533 2950 1120 6522 4920 9611 5166 4222 8858 6258 2643 2555 2986
161 102 1267 1000 3742 6160 1839 1463 1346 7607 7302 9147 3972 3098 1020 9623 2962
162 3256 2913 36 9321 4490 6148 7381 9008 8446 4031 2740 9970 7652 3836 2555
163 6060 8162 3689 8916 7804 9808 9832 6150 4852 2151 7755 9168 7413
164 3481 5611 605 3356 2848 5743 3505 1293 3439 2684 8540 7883 8495 9848
165 708 854 864 927 1186 1281 1314 1440 1485 1611 1683 2185 2613 3251 200 8387
166 7322 7430 7741 7946 7959 8016 8085 8204 8270 4765
167 740 2818 7925 913 6232 338 7276 9569 7113 395 6777 3584 7782 7296 7438 9197
168 8993 2470 2285 1587 4541 4437 7459 5275 9746 7658 1625 8055 4404 868 3641 3079 5737 9023 5880
169 9729 9859 9926 9973 4446 4769 4772 6191 6465 732 2986
170 3152 1081 1940 7961 948 2998 8986 8240 237 5527 8764 8028 4567 2407 4760 1984
171 9457 6676 4354 6125 8471 8800 2875 1749 1689 5175 6374 3329 3079 883 8241 6921 5795 9467 9615 4340 7949
172 592 9774 5666 5881 4444 3885 175 6862 5982 8765 4350 9110 6768 2554 3755 5762 6797 8125 447 321
173 3727 2194 140 8948 2859 8090 5859 318 9842 8444 7904 944 9037 2237 7457 8994 8431
174 8544 1622 9499 5405 2547 4159 329 4334 8708 2194 1488 5245 7467 4311 105
175 5 10 215 262 263 278 394 402 437 445 487 575 660 709 719 722 1571 5917 8387
176 13 43 44 50 134 484 494 604 660 744 766 882 1154 1904 1956 6054
177 8683 3209 2061 1982 6738 9622 1532 2797 8979 1454 3543 6458
178 932 674 9764 1835 8994 2820 4225 7927 3370 1151 389 5688 496 9453 5412
179 6258 5929 3776 6000 2263 5562 2115 4457 1168 9210 5644 1423 5026 3543 6014 7438
180 706 1146 9700 4018 4837 8208 8507 1407 600 8893 7790 1216 8794 3758
181 5945 6003 6091 6103 6138 6148 6226 6235 6266 6377 6511 6997 8157
182 7044 4827 6379 699 6808 7227 4133 989 5168 6078 5990 3752 4786 780 5412 7949
183 4128 4275 4304 4393 4402 4462 4467 4488 4504 4532 4552 4684 5662 8812
184 2549 8766 6134 5779 5176 3540 4805 5634 8350 2425 2437 3385 7754 4567 3894 6675 4314 1299 1984 7732 1668 935
185 2841 3042 3114 3225 3413 3417 3494 3631 3691 3735 3756 3857 3937 843
186 7275 7476 7480 7654 7858 8037 8117 8156 8187 8194 8319 8325 8473 9688 1216 5848
187 5430 4183 1114 2472 6545 2722 9955 1350 6000 7746 6453 9120 4004 427 2327 9404 4679
188 1838 6166 6794 8302 3163 5675 9300 1420 5139 5322 427 1984
189 8646 8653 8764 8796 8918 9082 9177 9319 9383 9384 9114 9955 4377 3012
190 1111 1304 1331 1975 2129 2360 2567 2855 450 3074
191 4187 2798 490 2930 5828 8548 8040 6665 5575 6360 9470 2538 7713 5715 979 1774
192 3293 1432 9646 9090 7120 5239 5903 8227 4406 7160 8053 2741 4868 2148 9301 3158 1750 6613 8832 5307
193 5525 6428 7617 1352 6429 9389 5610 5013 6275 7043 3648 4457 3089 8005
194 3077 6320 5805 4512 8231 4230 4696 8212 6537 7936 4636 1210 739 6519 7217 5445 3528 1858 5715
195 1765 1881 1882 1889 2043 2070 2072 2126 2187 2202 2677 3020 5304 4958 2962 7732
196 4629 4667 4705 4715 4796 4823 4949 5069 5179 5206 5257 5297 5315 9637 2327
197 2687 9935 3857 4909 7453 832 2258 1348 6433 7049 6920 5869 8125 3894
198 926 1139 1308 1331 1518 1583 1638 1800 1828 1844 1966 2058 2892 6467 7699
199 7129 7237 7358 7366 7424 7469 7633 7715 7787 7842 7998 205 5962
200 1719 7801 5275 2715 4857 1307 427 9294 2531 5216 6096 2818 6193 7064 8891 4957 9007 8140 7709
201 4225 9637 243 6170 239 1666 1455 8277 5059 9447 5975 2917 4362 7699 9007
202 7953 8165 8179 8306 8385 8413 8717 8761 8788 518
203 5 223 224 317 610 862 902 1038 1117 1122 1335 3106 6049
204 3222 3246 3413 3493 3503 3573 3600 3736 3772 3897 5245
205 4449 4456 4530 4556 4986 5008 5011 5016 5384 9443 8125
206 812 5581 3943 1391 8861 4013 8642 3995 8824 5605 6830
207 580 603 609 618 666 801 946 982 1004 1347 1364 1581 2512 3753 5340
208 6332 6854 9256 7823 5566 4256 6640 7762 8967 4248 705 8008 210 7904 1323 9573 9615 4958 6270 8812
209 6126 6138 6147 6200 6212 6322 6371 6379 6426 6469 1790 9075
210 9108 9140 3937 2536 8331 9701 3680 243 4434 9161 9259 9107 1058 745 2685 5869
211 4388 4454 4488 4540 4562 4599 4651 4663 4708 6062 116 3753 352
212 1725 2102 2293 2384 2387 2394 2545 2753 2859 3203 3347 3405 6331 5340
213 1722 1795 1801 1973 2050 2068 2093 2105 2120 2438 3841 6044 6020 6258 9244
214 7232 7300 7375 7435 7662 7761 7945 8203 8300 8908 4340 1668
215 1132 1197 1246 1344 1345 1407 1437 1441 1636 1652 1720 1773 1950 2662 3509 1042
216 2291 1663 3270 2225 2191 547 9747 8453 546 8715 9600 8227 9160 2052 148 6258
217 5211 4898 3053 6066 19 32 149 299 382 385 585 657 727 733 783 6967 5752 6021
218 8542 9034 5055 493 421 6878 7155 8440 550 7254 4901 1396 3602 2643 7864 9848
219 1128 1179 1180 1200 1217 1342 1448 1702 1867 7012 2986
220 8899 9395 7192 9283 2035 2326 9188 5232 7246 8247 2381 4709 6712 369 7586 9842
221 2638 8739 9281 5195 9593 7229 5073 8574 9017 2345 5810
222 64 186 216 239 456 514 724 775 1010 1019 1095 1276 2817 3395 6327
223 4617 4721 4792 4903 5125 5131 5134 5252 5278 2128
224 1790 3768 7414 8196 8522 1052 8610 265 9549 2904 401 9955 1763 2875 6258 3877
225 4818 4841 4996 5011 5123 5170 5279 7146 6611 1058
226 738 3565 1383 8922 7296 9387 8019 3207 8489 6900 7516 6971 2823 1885 3543 7732 4035
227 3227 9676 3958 9989 3151 4173 7878 8740 5336 2242 3629 1505 6262 1105 5507
228 4479 4522 4630 4650 4672 4721 4753 4770 7151 9669 1774
229 1395 1473 1525 1694 1738 1767 1878 2095 2123 2225 2301 2521 2577 9404 5341 5715
230 7887 7942 7977 7991 8038 8050 8091 8135 8402 8713 9579 9007
231 4832 2930 219 997 766 7591 9658 1919 9754 9898 8835 4528 9842
232 7318 7340 7356 7452 7453 7612 7672 7775 7893 7961 8083 8990 7709
233 8059 8242 8317 8352 8421 8521 8543 8602 8782 8795 8911 9551 5064 6827
234 3660 3850 3895 4028 4082 4203 4216 4218 4291 4521 4549 8343 9139
235 2279 2354 2472 2487 2525 2550 2785 3225 1358 6827
236 9534 9542 9890 6919 5822 6000 6007 6253 6343 6356 2533 8069
237 8216 8280 8972 8990 9099 9124 9136 9281 9341 9640 8137 1900 3103
238 2432 8836 1194 3597 7491 1324 210 7839 2128 7256 371 6944 9995 8498 7123 2304 8910 6101 1668
239 3899 3954 4041 4064 4177 4275 4414 4571 4695 6226
240 9271 9341 9385 9399 9436 9484 9521 9559 9730 9831 9838 9986 806 971 4728 6938
241 4158 4808 8900 3965 6560 1264 7373 4503 4999 5608 3669 9211 7429 3681 3877 9842 3144 8193
242 4283 4289 4307 4318 4358 4366 4384 4407 4438 4805 6226 1657 8470
243 9963 6439 2249 7965 9620 5995 9863 1388 3932 2773 6538
244 5584 1401 6496 2730 6364 8965 1991 8644 1172 4442 286 3946 8927 252 2199 3866 6576 7379 1343 6030 3144
245 7925 7976 8143 8160 8352 8410 8503 8635 8710 8978 8997 9256 9586 2064 6537
246 2119 5296 1040 3667 8831 5917 6260 2183 2521 3024 5403 5500 1708 1774 8284 3586 3074
247 8785 3336 6172 9315 4939 2275 9601 2617 9473 5812 1666 5762 2537 2962 3758 9533
248 2593 2610 2896 2992 3010 3027 3101 3132 3199 3208 5445 427 2555 9533
249 2157 2170 2251 2258 2350 2390 2545 2576 2623 2972 5112 5848
250 2044 6042 1405 2191 5568 5509 454 9485 1421 684 4187 3245 1799 6130 3077 2340
251 3536 3583 3693 3713 3838 3851 4138 5054 412 4624
252 2981 5835 1850 8125 9133 4635 9436 215 6042 5196 3544 6956 4824 1299 3982 3783
253 7495 5663 5112 2494 325 7021 6105 5675 850 3263 9969 3620 5446 1036 9461 9623 2155 4558 427
254 72 2272 4140 4597 3548 7339 9215 7501 1202 5698 7413 1405 7267 2986
255 1063 4591 3086 5287 2431 7009 1850 9371 2175 9481 533 4448 9522 457 745 6672
256 8298 2586 1763 9537 3292 440 3825 7156 5459 5057 3961 6300 5451
257 9125 1952 33 2813 8807 5671 641 4726 1234 6427 892 1512 8566 5437
258 6670 6708 6775 6794 6956 6969 7011 7328 9129
259 5756 5770 5778 5888 5953 5986 6012 6092 6106 6146 6298 6482
260 7718 9798 6507 3649 8221 6381 9146 49 9448 9878 3706 7797 2000 3894 1871 1496 4352
261 9321 6793 7216 3653 6181 1020 7357 2595 2444 3847 4222 4207 9283 9086 7355 847 6705 8907 3827 3111 5507
262 7484 4763 4849 4008 3794 4174 6958 2252 4537 1167 6054 6692 6258 2555
263 6341 2640 5379 4180 3605 4041 339 725 3068 7251 9187 7698 7361 6855 6029 9139 8293 7133 7883
264 1438 6928 539 6461 820 4253 9993 5773 7211 9442 8068 1344 2860 4056 5656 2288 5962
265 2635 2674 2802 3123 3210 3338 3360 3493 3575 3631 3641 3676 3763 8609 1353
266 4090 4229 4654 4659 4665 4673 4683 5085 7434
267 159 192 195 225 233 267 312 316 366 445 1800 9301
268 2503 6027 5335 658 2993 5284 6667 1725 2702 8053
269 6563 4182 915 4172 8067 5495 1212 9188 6023 2799 6404 3144
270 6979 7042 7143 7463 7487 7595 7601 7676 7702 7773 8142 8533 2322 2615 3074
271 5428 6586 3037 4421 3749 341 6647 2956 6362 7859 8343 412
272 949 8457 8657 453 5777 3599 8970 63 8938 7138 6698 1716 9096 6354 3371
273 9939 1349 1202 1211 1370 1512 1519 1556 1700 1761 3665 2704 8293
274 6275 8980 8060 9342 4822 8753 9935 2262 3627 6068 3718 8252 1555 7899 3050 4326 2288
275 48 115 201 283 342 390 441 469 826 834 942 1025 1140 1323 1329 4071 1534 7652
276 4638 6189 3180 5690 7114 695 8030 4973 6011 1673 8053 3832 5826 952 7399 2764 7725 8069 935 2013 6613
277 8965 8225 2202 9524 3050 4910 8240 9948 2837 9973 6438 7699 6790 9036 8062 5677 6258 6054
278 5232 5371 5418 5422 5647 5778 5804 6178 6217 6306 6346 6541 7659 7950 8293 79
279 838 3539 3013 8819 754 4984 7413 4457 5696 6576 3851 6757 203 4909 7987 2373 1354 2790
280 3789 5493 6597 7253 8275 1694 8134 9844 2715 9558 1645 6464 8574 4517 6281 259 4341 2121
281 6952 8040 4066 1485 1419 52 8170 4802 351 2038 9118 4962 6170 5715 412
282 3852 3862 4126 4265 4274 4278 4429 4520 4706 4743 4836 4873 4928 1042
283 2919 2946 2985 3189 3270 3325 3389 3461 3473 4418 4628 183
284 7797 8904 8954 5287 1348 5185 7660 8938 2328 1287 8200 8889 232 8891 5251 8662 8104 9461 8462 9968 5437
285 9671 2120 4565 8175 989 4917 391 4590 3866 2144 898 3524 9199 1534 3758
286 9725 2386 3973 5587 1302 8989 2372 2190 7570 3729 450 6465 412
287 6854 7022 7024 7045 7154 7238 7427 7444 7471 7681 8176 8507 7949
288 2296 8520 9262 1297 5127 175 827 6279 4340 4564 7575 7709 2240 311 8491 1625 7153 6327
289 5179 759 4671 3934 6581 5418 8542 7766 8716 790 8373 1656 46 489 8928 2643 4035 7429 79 8994 935
290 34 80 142 151 166 214 257 304 334 511 539 615 4909
291 7792 8216 5209 4721 6547 4671 1443 4620 5247 2272 2109 221 3944 3533 673 5775 2114 3982
292 4461 3745 1175 3593 6794 3319 1681 7739 6734 8096 3417 7933 4129 1117 8130 6482 7699
293 4900 5011 5066 5188 5196 5261 5268 5391 5422 5534 7234 4985 7285
294 4326 6579 5085 761 2354 6681 7774 8785 6919 6573 2164 2169 4352 2327 7413
295 1483 1635 1932 2018 2029 2382 2493 2567 2823 2939 3453 4378 5572 6067
296 4850 4931 5091 5436 5439 5473 5632 5936 6032 6184 3427 6447
297 5694 5830 5982 5984 6070 6094 6106 6115 6154 6155 6268 6437 6748 6844 311 5748
298 9835 8051 9602 2644 2580 3729 8803 6056 792 8816 3234 1880 3422 624 6953 4958 4352 8644
299 8622 8625 8687 8804 8874 9218 9261 9319 9377 9417 9438 9486 18 574
300 2296 6522 5580 8288 243 8186 864 1723 8390 2892 148 8005 8994
301 1201 1207 1300 1394 1544 1773 1906 2368 2990 876 1534
302 66 151 160 272 312 418 461 487 695 734 738 819 977 2000 2583 1774
303 8984 5789 4118 3963 814 5626 8410 2900 6715 8630 2429 183 2340 4958 3023
304 4915 2494 7537 6428 6208 2858 3381 4054 4213 1196 6636 1080 7742 4544 8528 8146 7790 8227 4311 2175 79
305 3090 3250 3357 3365 3404 3444 3452 3609 3683 3743 5038 2475 3521
306 3614 2614 6558 1978 1279 9231 2028 3656 71 3555 2305 4507 325 2892 4348 7949 7883
307 3196 3455 3514 3556 3558 3604 3717 4172 5748
308 5558 8291 8504 8608 8661 8710 8719 8836 8859 8894 8939 8959 9030 9352 284 3074 7652
309 2912 2969 3003 3011 3670 3671 3735 3743 3777 3965 4463 745 7120
310 1468 1584 1588 1616 1764 1779 1847 1923 2022 2039 2137 2924
311 1056 8562 9036 5931 8 14 82 170 224 226 233 340 374 494 1289 9299
312 4508 5540 4071 3657 1981 7162 3048 9834 6300 37 1273 1693 1128 4223 1042 9555 1774
313 108 178 188 326 474 485 498 762 831 835 921 984 1052 1110 1557 1624 3190 5307
314 10 49 54 60 171 228 296 337 439 1625 7240 8134 5880
315 6004 6094 6129 6167 6168 6183 6189 6266 6370 6502 6519 8716
316 7289 9604 3653 4782 2961 9764 6257 2291 1738 9210 9119 8067 3158 6018 8344 7240 1784 6613
317 9123 9294 9307 9403 9528 9558 9559 9636 9766 9816 3403 4804 2288
318 962 1012 1180 1215 1246 1276 1305 1427 1651 1652 1707 7001 9178 3012 6938
319 6425 6462 6702 6722 6859 6866 6873 6926 6929 6941 7007 7105 4362 321 3012
320 3983 1456 9808 7965 6763 2685 6234 3365 5602 706 3656 2898 2962
321 8588 734 6183 7843 8410 2628 3628 166 6627 9483 7742 4901 4311 3077 2962 7949
322 4332 1914 1888 3297 2278 7454 1326 1767 1582 7451 5961 8387 3936
323 2247 2330 2340 2439 2451 2486 2523 2534 2795 2873 2897 3053 3177 3240 3341 3586 4886 5997 7296 2666
324 1203 1233 1255 1294 1324 1326 1356 1426 1508 1570 2155
325 641 757 900 1014 1015 1147 1190 1214 1432 1934 1216 6538
326 8165 8377 8399 8561 8630 8652 8666 8862 8966 9151 9186 2518 8470
327 8276 9954 1205 4111 5446 3688 5330 1949 5586 7641 9579 647 4558 3006
328 2044 2088 2093 2097 2135 2413 2551 2570 2734 2765 3003 3050 3249 3812 5064
329 6582 6598 6612 6757 6821 6838 6872 6884 6908 8174 5340
330 7062 7106 7168 7229 7281 7282 7311 8081 7949
331 2314 2361 2476 2521 2568 2605 2624 2724 2728 2947 3013 3173 8830
332 5296 5314 5344 5526 5588 5606 5751 5983 6025 6075 6145 8910
333 3594 8779 2406 7956 2143 8650 8385 946 2100 2484 7664 7820 9029 7880 6986
334 4186 2436 4934 5295 4787 9608 9674 6575 5887 2565 2116 6825 831 2721 7852
335 6210 6224 6248 6379 6490 6656 6989 7141 7294 7325 7442 7526 7706 7834 8685 4060
336 7901 715 5964 4253 5747 9159 3262 3746 9031 2391 1568 76 4727 6935 5307 9261 2307 2662 9968
337 2528 2531 2592 2803 3116 3203 3340 3458 3476 3544 3603 8183 9075
338 5447 1202 65 4478 7213 9362 7840 7604 857 865 4139 9640 3584 9565 1647 6014 5962 2962
339 7859 6717 91 7461 5290 6588 4949 4580 3246 7277 1479 6226 511
340 5417 5482 5500 5506 5584 5590 5613 5624 5637 5751 6424 6833 1348 2327
341 7881 7884 7918 7923 8265 8318 8415 8898 9071 9216 9398 4962 5251 8644
342 3000 3038 3188 3192 3557 3623 3819 4083 4178 4191 4739 5259 9197 3830
343 4017 4096 4105 4165 4174 4217 4392 4449 5295 3023
344 8781 5611 9405 5706 3461 8036 1534 7028 8464 8103 1555 9290 8133 3079 1557 1668 2327
345 2287 2472 2523 2834 2840 2935 2965 2984 6099 7193 1625
346 5190 5256 5348 5378 5456 5554 5555 5563 5689 5703 5800 3163
347 3249 9079 7675 3506 2433 42 6115 4194 5089 3049 609 4335 5572 3936 8812
348 8045 8296 8466 8551 8558 8559 8653 8720 8773 9330 9487 3728
349 4086 8081 4674 6095 7741 6413 4522 2867 88 9930 6144 6203 1708 8762 6861 2349 6151 6434 5674 5880 3936
350 928 1230 1257 1449 1604 1660 1667 1686 1758 1761 1815 2001 2526 5752 6170
351 8136 4736 5693 218 3460 1529 2670 7174 6267 7798 5787 6523 1498 321
352 3501 335 6861 9331 5665 2556 955 7939 3272 6500 3894
353 2987 8882 828 8319 744 4284 8310 6467 8837 4664 8140 6137 6 3277 4737 9478 7893 3630 4345 9689 7438 3936 4400 4199 8406
354 5974 6002 6094 6116 6143 6183 6190 6240 6309 7029 8618 9230 8193 8491
355 7298 7409 7469 7493 7639 7667 7797 7854 7970 9451 8470
356 80 209 309 380 409 412 515 646 655 660 668 759 917 925 1496 1799 5412
357 7086 1226 6434 2229 4553 1071 2825 6439 9820 3262 4117 7180 8683 3163 7756 4352
358 6266 6272 6464 6499 6578 6647 6901 6916 6965 6991 7043 7198 1799 2414 139 7296
359 4563 4793 4854 4941 4951 4964 5002 5010 5052 5060 5150 5333 5372 5408 5604 3830 5677 9903 7762
360 5022 5103 5120 5186 5215 5319 5453 5460 5668 5695 5738 6731
361 9791 847 1765 4761 8840 4382 355 5976 100 3463 839 1065 8350 6920 7023 6827 5437
362 3346 3407 3422 3437 3486 3489 3506 3530 3616 3626 3817 6153 2013 6692
363 2638 2728 2747 2761 2905 2995 3046 3078 3188 3206 8227 8462 1238
364 9317 8972 89 1236 6133 4998 524 3486 7772 1091 1471 5221 8092 1646 3113 6920 979
365 9142 9235 9418 9566 9603 9606 9675 9727 9764 9873 6786 9032 9545
366 8609 1657 1070 7350 7302 5032 7744 5915 3853 2699 6908 139 7991 8765 889 8492 9224 3465 6201 4526 2340
367 3627 5234 9049 9210 9326 9606 9954 9976 685 712 2304 2732 6613
368 9680 9872 9912 9941 9974 9365 8664 891 2407 5860 5748 2986
369 17 18 135 162 260 306 330 349 415 457 519 755 794 819 927 1044 8994 9244
370 2836 2941 3212 3279 3348 3350 3378 3524 8920 7782
371 3536 6823 1789 7962 2455 7916 1333 7205 2028 44 2668 9461
372 8739 2745 70 10 6175 2176 7304 4257 5379 7114 3132 2657 8784 5710 8910 321
373 5351 5391 5421 5435 5491 5552 5729 5888 6052 6266 6303 6343 6549 4728
374 694 1682 860 4595 4013 1091 4781 4545 5735 7693 538 5508 7133 8498 7762
375 8032 3793 7625 3829 7231 2499 6119 3536 925 2114 745
376 550 2485 9389 2963 6357 6953 4148 9617 6186 1383 926 4914 8722 6049 8491 3894
377 6505 6593 6740 6769 6846 6883 6915 7156 7590 8462 8470 6547
378 8838 8881 8969 9029 9192 9264 9423 9707 9738 9814 9840 9995 3719 4890 5141 5198 8193 8830 2643 8387
379 3600 3786 3838 3862 3990 4072 4158 4273 6511 8140 6327 2121
380 1927 2007 2068 2124 2231 2331 2353 2420 3827 7710 5307 5715
381 227 4382 919 741 852 9487 5639 761 7742 7827 8892 3668 2158 5702 5726 2666 5715 745
382 9215 6925 1327 6905 3829 5100 7899 1212 5697 4298 6672 5810 3381 4931 5437 2962 1668
383 4128 5672 4308 1423 8084 116 1762 9313 3386 2223 6543 3622 644 4539 6082 1063 3784
384 734 8297 3125 8416 8587 4871 6149 4198 1501 3158 7725 2553 849 8014 7239 5755 3836 1871 935
385 1787 1964 1987 2007 2163 2301 2319 2332 2374 2551 2884 7456 7762
386 2157 2245 2252 2254 2274 2395 2560 2571 2866 2868 7950 935 4326
387 2861 3041 3175 3209 3390 3401 3425 3429 8920 420
388 107 246 415 507 612 730 812 1053 1139 1245 1297 1453 7055
389 3794 3804 3971 4051 4122 4198 4214 4230 4252 4264 4396 4473 4134 3376
390 3730 3761 3862 3941 4089 4122 4124 4231 4705 3073 3146 6827
391 5690 686 1195 7251 538 550 1466 4143 8898 4732 9887 4828 19 4345 3026 7740 7791 3074 4326
392 1087 1116 1320 1485 1521 1618 1693 1697 1863 7053 1979
393 648 779 958 997 1047 1114 1194 1294 1542 2904 7179 9834 2
394 1921 2024 2235 2458 2536 2599 2811 2869 2893 3044 3080 3381 5401 9301
395 8357 7112 8822 3308 1634 4892 6645 4549 2882 3111 182 1091 5177 7968
396 6646 7122 1106 1686 4123 4347 6845 7106 1756 6813 1956 4431 7933 511 9265 3103
397 5816 4716 3563 2077 884 265 7779 4997 5727 1523 8809 3641 914 9013 2983 7699
398 7359 7493 7654 7828 7986 8024 8081 8097 8342 8614 9031 9533
399 4954 5091 5104 5166 5183 5278 5372 5399 5497 5526 5653 5708 5771 5773 979
400 1650 63 73 172 215 803 884 916 980 1077 1624 5400 450
401 7265 7308 7316 7329 7341 7383 7455 7778 7844 8021 7219
402 6165 6450 6668 6707 6781 6893 6897 6935 6963 7344 4626 5748
403 9 42 269 357 373 388 428 536 543 585 8043 8406
404 1176 458 8627 8562 7371 1243 7208 2269 7412 542 6547 7050 3981 5458
405 3299 3412 3511 3557 3676 3725 3766 3859 3952 6067 9852
406 8471 734 5234 3147 2017 7943 4896 1777 3837 3417 4268 9194 1368 3004 9990 5412
407 6294 6370 6421 6694 6722 6773 6908 6913 7008 7145 7344 7689 8022 8609 9349 6584
408 7542 6225 7806 230 6531 6585 6633 6724 6904 6981 7142 7223 7631 8687 6635
409 1087 1146 1181 1191 1218 1235 1264 1275 1307 1398 1510 6270 8284
410 2491 7484 7330 1735 7993 6401 5109 2490 7786 1643 302 8074 2165 4901 2986
411 4363 4417 4580 4585 4644 4718 4735 4815 4845 5085 5604 2327 5880
412 1089 1288 1367 1493 1544 1564 1681 1718 1764 3316 8491
413 3523 2140 3538 3306 4189 4870 1303 8683 1430 9268 5984 7006 8844 3111 2630 8183
414 7925 7927 8315 8362 8684 8956 8957 9014 9018 9162 9548 9621 8599 9008 4311
415 312 133 9715 3423 10 904 1200 3432 5514 5682 5471 9968 2798 9903 745 7883 5762
416 1280 5705 7852 4475 5886 7879 5965 5728 541 9181 23 1496 3982 6306 9007 3830 6672
417 2329 2718 2778 2808 3059 3415 3451 3577 3621 3665 4110 4145 447 2643 5064
418 4014 1238 1242 8742 4829 3251 6102 8743 6846 85 9747 4057 2327 9903 6778
419 9876 2634 6087 1489 3691 721 762 790 905 1114 1191 1218 650
420 25 102 169 182 218 240 284 420 655 732 782 804 877 897 934 1091 1157 1329 1728 1822 4855
421 5155 1632 6221 6511 6340 4528 167 8551 2482 9619 677 3185 9993 4679 8431 148
422 8952 4849 8933 6497 6247 2012 9208 904 4257 2530 8116 6650 4624 2052 9731 2240 9545
423 3097 9397 3873 9905 9274 1822 3748 199 1409 9728 9392 5941 6627 8816 9265
424 1727 1729 2033 2138 2194 2275 2431 2446 2539 2559 3199 3380 3697 412 9224 9270 148
425 3366 3389 3429 3435 3436 3447 3518 3585 3673 3694 4125 7193 9465 9224
426 8203 8232 8289 8323 8546 8595 8729 8757 8914 3961
427 1 36 123 405 439 458 526 531 684 862 1184 5003
428 9366 7901 7980 639 5015 8382 7340 6015 1793 6153 7560 7787 8116
429 1259 4029 2245 7609 7927 8387 6395 3692 8976 8765 155 4527 5326 7992 7652
430 1163 1402 1412 1484 1530 1692 1756 2009 2063 2480 3379 3586 6545
431 5942 5977 6003 6056 6072 6074 6104 6190 6384 6390 6417 6572 6737 7105 1145
432 1048 1138 1225 1394 1549 1558 1669 1734 1797 1807 1813 2085 9265 935
433 3958 3968 3975 4139 4318 4327 4333 4476 4556 4623 4783 8193 1238 925
434 4195 9159 7197 529 9954 6863 379 4749 1773 9280 4933 3227 1749 3567 2643 9244
435 7685 8011 9648 191 5099 847 4558 8400 2749 7917 6600 3753 9265 4314
436 5365 9798 5933 6345 9440 4170 9056 953 5202 9271 6002 1715 829 2052 2184 9461 4340
437 2341 4216 4285 4300 4406 4414 4454 4461 4504 4565 4628 4729 4747 4400 412
438 7427 7440 7691 7825 7856 7869 7963 7973 8163 2288 2155
439 8952 8981 9028 9106 9209 9217 9231 9307 9493 9822 9861 3507 3561
440 8140 9010 3812 212 2208 2761 7784 7821 7850 7983 8131 8368 8442 8554 9993 476 7736 5848
441 6430 6620 6811 6843 7119 7136 7137 7177 7235 7330 7372 8268
442 3959 1044 2922 8391 4211 2580 6119 5345 7610 4329 9064 3535 9677 979 2554 2322 8193 2327 1774 9842
443 5991 6158 6203 6215 6446 6840 6841 7270 7338 7553 5507
444 6470 5285 2611 1168 8878 3926 1648 1519 5216 9177 3522 9945 6802 6101 8130 259
445 4010 4131 4253 4417 4423 4586 4833 4950 4963 4966 4995 5067 5113 5468 6100 7285 1984
446 4821 55 5795 7522 8457 9611 6866 4026 5505 4177 3950 6765 1538 3316 8910 9453 2555 9244
447 3520 3656 3782 3785 3848 3911 3973 4141 4359 4438 4645 5316 6827
448 6959 6983 7056 7074 7157 7276 7311 7314 7397 7416 7610 7055 1784
449 6502 3813 6069 3622 9134 4942 6081 858 8615 9167 1645 2146 8218 2555 7575 8716
450 52 60 140 185 316 318 353 372 451 511 527 560 756 1150 4985 5064
451 1931 2024 2048 2061 2218 2355 2455 2597 2706 3532 9731 321
452 5802 5874 5948 6120 6313 6436 6574 6807 6900 7249 7392 7737 2114 979
453 2075 2115 2608 2805 2825 2838 2930 2944 2946 2958 3046 3052 3498 3714 3831 7713 4311 4199
454 4445 4456 4650 4667 4678 4885 4940 4977 5137 6102 5064 9075
455 1938 1988 2008 2202 2335 2369 2476 2604 2657 2671 3172 4571 5462
456 7489 9711 9800 4899 6663 1798 9856 2026 6160 5836 9250 6967 6134 6920 6817 8293
457 9986 7362 9445 267 4071 2450 7255 2324 8215 4241 6195 1464 1375 1353 6327 8491 1984 148 1524 8812
458 3324 9930 9094 2754 590 2548 4028 5030 4542 6100 4102 3710 5104 843 7652
459 14 96 207 222 407 446 526 857 899 968 1020 1515 3207 8716 5677
460 2719 2896 3273 3322 3340 3457 3458 3459 3577 7852
461 6051 6052 6059 6211 6237 6316 6427 6524 6529 6573 8428 2155
462 6433 6773 6877 7025 7027 7048 7064 7197 7224 7469 7536 7570 7846 1223 7736
463 5492 2871 2694 1380 6126 2239 7054 9392 42 8601 8419 8905 1765 615 8696 1383 813 625 7365 1625 8293 9545 2340 1299
464 2287 2354 2431 2492 2509 2528 2590 2660
465 7531 7562 7638 7719 7840 8001 8158 8684 8856
466 7546 7560 7631 7700 7723 7777 7781 7841 7843 7859 7888 3507
467 166 198 207 235 243 380 518 608 811 906 922 1658 2109
468 480 797 1040 1189 1622 1626 1664 1779 1805 1992 7575
469 9711 3541 5392 4137 9170 1745 1331 9851 9386 6538 1465
470 3121 9683 1574 7698 6937 5618 4737 2862 9139 6506 2255 8405 1912 9255 4855 3781 1546 937
471 8707 8604 3202 7770 2228 1135 8051 2709 943 3124 5307 6061 1134 6141
472 3928 2998 8029 7250 2425 1476 7244 3987 1532 4685 6222 6376 4352 6101
473 3 68 77 339 426 430 477 516 646 692 900 2752 7296 321
474 5277 6144 773 1678 493 712 1495 7719 6492 9303 4866 1470 9099 1091 5488 2422 6054 9007
475 7695 6305 2713 2884 3053 3145 3167 3424 3620 3624 3627 3797 3901 8728 4020
476 4687 4857 4873 4937 5086 5199 5388 5597 5714 5725 5886 5925 6024 1429 2986
477 4837 2188 4123 6488 4667 436 8678 924 7708 2586 8927 745 7852
478 5677 8992 9463 2896 5526 1521 8668 2748 8621 2327 3264 9414 1301 3897 369 8994 3753
479 6880 205 7991 6378 3128 5720 950 3964 1008 6530 1511 440 8228 7068 1625 8125 4855
480 5136 3264 4363 4630 4675 4805 4809 4834 4916 5621 6001 9299
481 5040 5135 5258 5264 5315 5355 5360 5423 5430 5443 5452 5474 6050 6281 5762
482 2215 4646 9675 6309 6491 964 3968 8430 4665 8005 5185 9199 1625 2704 3144
483 1047 6691 2953 4561 9953 2519 6915 6168 460 6587 1232 1195 7984 3758 2 1343 79 6021
484 138 8092 7338 479 5929 5561 1599 817 832 1879 4667 5129 8830 4020 1900 5412
485 1 35 315 316 324 479 673 790 795 850 939 1149 1436 1505 3835 6827
486 3523 3554 3797 4085 4117 4309 4388 4412 4432 4692 4797 5149 7355
487 2224 9395 8793 1824 1773 5155 587 5618 5409 8729 9111 4517 5113 7456 9043 2790 6482
488 3097 136 6065 7218 956 9566 7880 3613 4091 9091 2156 5454 9883 8302 1429
489 1847 1942 5555 7197 4093 8818 7482 1892 7794 522 6651 3251 5481 9931 5198 8134 7296 5507
490 890 974 1005 1044 1445 1663 1694 1743 1832 2203
491 8921 8999 9315 9400 9438 9462 9691 1715 1796 2144 2215 2454 4020
492 2256 1604 4965 419 8918 335 4326 6382 6590 4822 6425 9230 4670 8005
493 8517 6422 6628 3207 8326 230 4903 8937 9406 8043 6115 3630 6613 321 3012
494 150 153 249 285 501 541 701 748 823 915 944 1061 1107 8711 9244
495 51 149 338 388 545 548 623 626 660 739 748 956 1074 1142 3006 7709
496 1465 1515 1608 1635 1638 1669 1705 1769 1792 1877 1923 1962 2027 2277 2299 2417 5326 9199 6547
497 8817 8913 8979 9122 9137 9141 9494 9706 9916 1176 7978 3395 3830
498 3765 4299 4464 4636 4866 4993 5188 5205 5367 5447 5479 5482 5519 5730 5948 420 7055
499 5478 5533 5621 5750 5804 5886 5958 6050 6125 6199 6961 7120