100
0 6 10 11 12 13 14 16 19 20 21 22 23 24 25 26 27 30 31 32 33 34 35 36 38 39 41 43 45 49 52 56 61 166 176 797
1 278 1 25 0 9903 464 58 1403 22 430 178 37 5519 2 323 5361 4 46 364 41 831 5515 1572 5 700 7269 123 3198 14 13 6890 65 240 406 1581 7 9 1089 6126 7712 1290
2 367 374 378 389 422 444 448 530 545 553 666 688 738 762 779 804 916 1034 1044 1165 1211 1262 1442 1497 1511 1626 1699 1815 1877 6616 3831
3 10 12 13 16 17 18 19 22 23 28 31 34 36 38 42 45 46 49 54 56 57 58 60 62 64 65 66 70 72 74 75 77 81 83 120 549
4 152 160 165 170 173 180 183 188 190 192 200 209 212 217 218 222 228 235 257 258 278 299 308 313 319 323 335 432 454 482 155
5 6 10 11 12 17 18 20 22 24 25 26 28 29 30 31 32 33 35 38 39 40 43 44 45 48 50 57 60 61 62 63 65 69 70 107 1334
6 173 174 179 182 205 209 222 235 248 253 255 256 257 298 302 304 323 346 401 408 419 445 447 459 470 489 506 507 9138 252 138
7 38 74 0 11 4848 303 1 6031 119 848 807 4 170 118 30 5429 4752 31 1315 21 41 1590 5222 7 380 15 6 167 51 331 50 3548 485 948 2 398 66 1296 63 583 7624
8 13 16 23 37 41 42 47 51 53 54 66 71 72 77 78 79 83 84 87 89 90 92 93 97 98 105 112 118 119 120 125 126 128 131 152 155 193 199 206 468 1495
9 293 0 123 174 1756 6 9 676 1 95 3 2 938 187 656 99 7 219 2652 88 5641 951 101 2973 19 232 122 52 20 9442 297 6234 55 15 6729 138
10 1363 4 33 2 26 1390 836 12 2950 6 2628 559 9086 5638 1041 4372 628 13 338 419 505 0 224 169 101 476 544 1 7 28 9 2848 355 120 5926
11 32 76 77 79 82 84 91 93 98 103 108 110 111 112 116 117 124 132 134 158 159 162 168 170 180 194 210 213 216 231 299 356 1384 176
12 5 10 11 12 14 16 17 18 19 20 22 23 27 29 31 32 33 34 35 37 39 40 42 43 46 48 50 51 55 60 62 120 355
13 414 422 443 457 462 502 524 549 567 572 597 600 606 607 611 645 654 740 750 796 845 851 866 875 885 947 976 1010 1087 1271 1413 1452 1506 120
14 88 109 241 270 276 278 279 281 288 289 291 302 320 323 338 344 349 350 360 362 381 382 385 393 417 418 524 2153 708
15 106 111 113 127 130 132 135 143 144 146 147 150 154 156 160 161 164 165 167 173 178 182 190 194 205 209 210 211 216 231 290 355 1656
16 14 20 24 25 26 27 28 32 35 36 39 40 44 45 46 47 48 49 52 56 58 60 73 78 82 90 92 98 102 107 128 129 140 141 176 211 229 290 155 968
17 2 8 454 0 7 94 14 186 5893 759 20 1 3 4278 5 1710 346 435 42 3900 19 10 23 665 3274 21 67 7818 34 96 11 285 797 6049
18 59 65 66 67 77 79 84 87 91 97 98 102 105 108 114 119 122 129 130 135 139 143 158 159 161 162 163 168 173 192 202 728 731 5381
19 6 8 9 10 11 12 13 16 17 20 22 23 26 31 32 33 35 37 43 44 45 46 47 51 54 55 56 57 58 59 61 62 65 66 69 70 107 708 1737
20 26 148 1 1290 15 2979 107 2 62 3 19 247 5154 8 0 39 210 1039 406 214 11 9798 712 137 250 676 280 6 23 7606 516 27 35 935 4 655 206 120 5526 2153
21 58 59 60 65 67 70 71 77 78 82 83 87 90 93 95 99 101 109 111 114 122 124 128 131 135 139 145 158 160 172 174 183 2848 7242
22 0 96 2 49 40 442 3 11 24 462 205 47 4 173 89 157 22 822 6731 1 5 168 584 230 458 7 933 6 66 2045 28 1310 1290
23 9 10 12 13 14 15 16 18 20 21 23 24 25 27 29 32 34 36 37 40 42 43 44 45 46 47 48 49 52 54 56 57 63 126 138 1951 968
24 186 330 40 1 62 4 3301 2 1217 0 3 181 21 25 641 4908 29 9 5052 65 15 167 4824 323 5 769 42 75 74 1011 2812 390 725 1572 977 2060 1173
25 0 1 2 3 4 5 6 7 8 9 10 11 12 13 14 15 16 17 18 19 20 21 22 23 24 25 26 27 29 31 32 33 35 36 69 176 236
26 406 63 3 0 1027 328 1 2 469 9 27 1127 3730 597 278 71 561 4051 92 5 36 6137 21 39 714 24 19 5361 67 99 1388 280 554 2591
27 0 431 12 3 6 5 414 4584 121 45 1 33 2805 9 343 10 35 59 626 52 2 34 246 107 3140 24 124 2889 5830 8 69 968
28 6 10 11 12 13 14 16 19 20 21 22 23 24 26 27 28 30 31 32 33 34 35 38 42 43 45 52 53 59 60 63 68 82 102 107 1917 5526
29 77 143 151 153 154 156 160 165 177 181 184 185 186 191 195 207 214 215 220 223 231 238 246 250 256 258 332 355 681 176 5661
30 5 6 7 8 9 10 11 14 15 20 23 24 25 26 27 28 29 31 34 35 37 38 39 41 42 43 44 47 49 51 52 53 54 55 56
31 5 3618 1530 354 1320 238 0 29 6 3 172 39 5021 5359 4683 53 216 1989 4604 6705 117 2 15 7 1 26 694 143 1088 55 102 27 199 8 69
32 4 1 2882 5 0 3 861 15 18 3458 272 1150 44 29 55 51 105 301 225 830 148 1865 402 121 37 17 2 9 83 309 67 645 161 7 8 1663 554 900 709 138 5921 3849
33 66 39 14 2 118 0 4129 7437 289 523 2219 75 20 31 25 16 58 13 85 1 4 337 169 12 11 7 1806 406 5 176 280 309 2848 3097
34 0 55 89 4104 1 5850 1378 264 550 3 24 1866 2986 101 4685 148 99 70 2 134 8076 4474 3768 4 35 1902 6604 437 2619 4133 9 909 224 329 8 3097
35 5 6 7 9 10 12 13 15 16 17 18 20 21 22 25 26 27 31 32 37 38 44 45 49 52 53 54 55 57 58 59 60 61 63 67 68 69 8450
36 25 35 48 49 51 56 66 69 72 74 79 81 84 89 94 96 103 105 107 108 119 134 142 153 162 163 179 181 185 187 195 3158
37 3140 10 322 19 1372 412 0 6755 395 62 2 6 15 18 51 514 866 16 817 594 54 106 1233 363 1 69 4659 57 6130 3 587 7 371 1089 776 1737
38 546 551 553 557 562 581 582 590 607 648 659 698 735 768 774 799 842 853 903 906 945 971 976 1041 1065 1073 1106 2067 176 3457
39 1 1251 322 94 3 2 701 189 56 99 13 6 9 2128 0 796 4 118 169 546 21 632 7593 3813 26 7 204 25 750 8 1671 5921
40 7 9 10 13 15 18 20 22 31 33 34 35 36 37 49 50 51 53 54 57 58 59 60 63 67 74 76 78 80 83 85 86 95 120 131 1958 3198
41 4 5 6 9 12 13 17 18 19 22 23 24 26 27 30 31 33 34 35 37 38 39 40 41 43 44 45 48 49 50 51 54 797 1572 554
42 42 0 7 1108 432 36 19 46 5412 15 9338 422 1 2 3 478 44 6 1460 21 1552 205 4 3617 588 383 315 1694 815 37 38 9517 708 1263 968
43 83 174 357 425 465 472 475 477 502 505 551 591 633 664 689 755 760 772 798 803 810 856 890 898 1408 5150
44 13 19 21 36 46 58 67 72 78 79 86 92 93 94 97 109 110 112 120 122 126 128 139 148 149 151 157 158 162 170 171 186 187 195 197 201 202 214 389 1263
45 1 4211 42 17 278 31 6 7 193 5999 509 462 44 107 131 2 6661 57 279 13 253 26 16 15 671 226 0 4 69 156 1078 112 34 8 424 9 984 3158 1122 554
46 7 18 27 36 38 39 48 49 63 66 70 80 89 92 97 104 105 113 115 119 120 122 128 142 148 150 151 164 165 172 183 184 202 2513 1502
47 49 400 963 993 1017 1073 1074 1257 1264 1268 1336 1377 1424 1515 1582 1628 1635 2022 2052 2098 2348 2392 2413 2431 2436 2437 2445 2654 126 5990 236 2264
48 33 3684 9 5728 4 2863 0 366 55 25 218 28 2 1 3 27 6 3692 124 96 74 4821 79 7 5 1371 11 103 35 248 2825 8616 1260 2920 300 19 8 138
49 8973 272 3 419 2 297 23 1959 88 19 0 28 118 123 646 42 29 6137 14 108 64 9957 1 35 51 7718 235 4 3236 24 8 11 1752 7970 138 3097
50 53 60 64 68 71 73 76 77 82 83 85 88 91 95 100 102 108 114 118 121 124 125 127 129 133 136 137 140 155 175 176 356 919 1482 1310
51 0 1 9234 28 33 4 2 8783 9 213 6 23 4705 597 788 4606 288 78 966 14 13 22 2410 63 200 7 508 21 45 1728 17 159 24 725 334 1989 2420 27 2818 9365
52 14 24 25 29 32 41 47 64 66 70 73 82 89 91 100 102 105 106 108 110 114 133 137 138 143 145 154 162 163 170 211 229 243 859 2818 1954
53 6 0 11 21 114 19 22 12 3038 4 1 100 1434 62 17 18 171 5 13 2 161 2135 724 2052 8512 15 187 9 243 2218 8629 251 23 136 3 2262 1428 8 1876
54 71 76 80 89 90 91 92 96 101 109 110 114 115 118 125 131 134 137 163 169 170 189 196 200 202 204 212 219 225 229 232 138
55 460 1137 0 3 163 53 2 115 1 19 3425 8345 10 543 11 15 377 57 14 8 5 9 2710 2456 173 2105 64 747 13 18 4482 6 126 6887 1263 1502
56 32 0 16 1 23 391 11 3 108 2 19 112 4 2431 18 2282 1913 2051 179 8114 50 44 799 6348 3796 34 7 8702 1697 35 8 5 5566 1591 22 62 9 632 3756 2264 1502
57 7 11 0 1 456 82 2883 21 25 2458 268 3 2 16 4859 5724 619 10 2683 1595 1706 136 69 83 9566 53 20 116 2062 8 372 14 63 28 3975 968 708
58 5 6 7 10 12 13 14 15 16 17 18 19 20 21 22 25 28 29 30 32 33 34 38 39 41 42 43 44 45 49 51 52 57 120 121 138 859
59 6 8 11 17 22 26 31 33 35 41 50 51 53 55 58 60 61 64 66 67 70 71 72 73 78 80 81 83 86 87 94 95 114 139 494 1412
60 46 47 48 49 53 54 56 58 59 60 64 66 67 68 73 75 76 77 78 79 81 82 83 84 90 91 103 110 114 120 121 797
61 181 205 208 213 214 215 218 221 227 230 231 239 248 254 266 287 296 298 321 323 339 349 351 362 365 410 480 2134 138 1737
62 356 11 662 14 64 495 107 2 1841 16 32 3 770 1 23 17 6 4 0 5 87 919 62 1373 5672 118 27 454 43 75 90 1169 29 587 1117 583 1187 69 7624
63 3659 3926 4009 4032 4221 4361 4809 5165 5519 5803 6064 6166 6229 6284 6329 6412 6702 7373 7764 7924 7977 8131 8516 8704 8801 9607 9906 206 327 4264 6834 9574 907 1283 1554 708
64 66 81 139 219 428 946 1035 1056 1128 1190 1215 1296 1333 1353 1360 1397 1416 1443 1503 1509 1552 1566 1571 1598 1704 1721 1758 1866 1889 1894 1967 1988 1993 2094 2152 2261 2433 6035 6092 4171
65 60 64 65 66 69 70 71 76 77 78 79 82 84 85 86 91 97 103 105 106 110 111 116 118 119 120 130 131 132 133 136 139 144 147 3767 3244
66 184 186 187 192 200 201 207 218 230 237 244 245 251 252 269 275 276 281 286 292 293 307 325 343 352 358 375 393 411 429 554
67 25 0 39 2132 21 1863 14 38 28 1 15 779 68 1843 157 1623 375 1956 19 4 2195 18 3 7 891 229 2706 3689 519 2 5 129 511 36 7687 27 3389 1290
68 38 234 237 246 248 265 296 302 313 314 324 325 327 328 332 336 342 347 371 377 397 399 409 412 415 446 452 653 679 785 800 1510
69 5 6 7 9 10 12 13 15 16 17 18 20 21 22 25 26 27 30 32 33 34 36 37 38 39 40 43 44 45 46 47 54 62 1671 6165
70 203 566 577 699 721 940 1156 1755 1824 1837 1932 1991 2014 2059 2119 2147 2219 2247 2373 2415 2456 2545 2609 2634 2759 2836 6979 6698 2513
71 2684 0 67 1 41 1389 350 5020 84 391 37 5 1099 143 3 11 29 2212 2 180 448 9357 153 4 6438 6 197 360 437 9 158 268 1334 2591
72 7 10 14 16 20 24 25 26 27 29 30 33 37 40 41 42 43 46 47 48 51 52 54 55 60 61 64 67 70 72 73 74 121 138 236 309 1495
73 0 1 2 3 4 5 6 7 8 9 10 11 12 13 14 15 16 17 19 20 21 22 23 24 27 28 29 30 31 32 33 34 35 36 38 41 69 1495 3774 2060 867
74 2385 0 22 258 264 612 142 12 3 8365 21 1 4 2 19 234 435 625 517 3502 13 64 1210 1401 58 40 621 418 1332 659 184 16 992 275 9295 36 148 1979 6450 1583 4247
75 86 89 92 97 98 99 100 101 105 106 108 112 119 122 125 129 130 137 142 144 145 147 150 159 161 165 169 170 210 1714 1958 138 1482
76 0 43 2 39 3 10 3228 16 27 455 5 22 103 128 245 11 3279 48 17 47 1 8 35 556 6 34 45 108 129 305 6288 155 869 2060 8095 900 867
77 9 14 20 21 25 30 32 33 35 37 43 44 48 50 52 59 63 68 71 73 76 78 82 84 87 90 92 93 95 97 103 105 112 114 135 155 554 1888
78 4 50 1156 26 39 33 0 1042 2 3 5 11 8 1 7 55 1948 35 233 6 17 53 1959 1438 28 19 3324 129 1677 1152 107 152 2579 1502
79 64 66 67 68 71 75 76 80 81 87 89 93 97 100 110 111 112 115 119 125 127 130 131 133 142 144 152 4371
80 52 55 56 59 60 62 64 65 75 76 81 84 91 94 97 101 102 104 106 111 112 117 118 121 125 132 135 137 142 145 148 154 162 176 179 197 206 224 253 316 126
81 25 70 220 222 232 239 258 262 264 282 283 291 300 318 321 322 325 332 337 338 368 374 412 414 420 488 549 653 7117 138 1263
82 14 8 1 0 21 1759 2 16 9711 6 1606 7 12 3 1937 4 337 32 59 37 5472 94 641 502 839 271 24 1424 60 61 1671 355 9 155 138 120 404
83 6 8 9 10 11 12 13 16 17 20 22 24 26 29 30 31 32 33 34 37 43 45 46 47 50 53 54 55 57 59 62 3110 3975 3244
84 5 11 12 13 14 17 20 21 22 23 25 26 27 28 29 30 31 32 33 34 36 38 39 41 42 44 45 46 48 49 50 58 74 126 968 708
85 4 5 8 10 11 13 14 16 17 18 21 22 23 24 25 26 27 28 29 30 31 32 33 34 35 36 38 39 40 42 43 44 65 69 176
86 0 500 2051 33 2221 98 238 5 21 2 4 3 1757 227 23 10 7 77 218 351 1896 11 2987 1121 1318 9041 96 13 79 1340 485 968 7055 1310
87 1062 1123 1147 1239 1266 1288 1314 1337 1362 1370 1456 1765 1841 1862 1882 1991 2078 2191 2334 2696 2738 2805 2840 2992 3299 3313 3349 3444 3478 7776 120
88 47 0 3 2 26 1583 21 45 4 117 5 100 6025 3915 1 12 672 7777 1503 42 17 29 19 24 68 8 169 1591 796 5778 92 38 869
89 1 6 8 9 12 14 15 16 17 18 19 25 26 27 28 30 34 35 37 39 41 44 45 47 48 50 51 52 53 55 57 58 59 60 62 72 73 102 199 8450 621
90 6 1 3223 5 15 28 3 1071 0 7 21 6160 10 4479 8 2209 1808 76 1828 655 141 229 3814 2 158 11 155 238 25 8461 1110 1776 4329 452 7266 3977 720 4171 9054 3457 1384 138
91 4 71 1 17 25 9 0 253 3208 22 145 2 2424 338 100 16 47 44 177 1804 1927 3794 46 34 8 378 13 1119 161 193 426 61 139 1016 3244 859 1671
92 40 585 1054 0 68 2 4630 8 2360 5 25 20 14 4 121 3 475 1 41 7 21 141 50 399 73 30 8444 364 71 24 8948 715 3676 356 3097 9584
93 117 361 1105 1318 1370 1402 1407 1424 1642 1686 1828 1865 1967 1988 2049 2055 2142 2169 2198 2282 2285 2464 2491 2509 2568 2590 2664 2852 3041 3209 3525 3700 3839 138 5381
94 57 64 77 85 88 91 96 103 114 122 130 131 132 133 135 144 146 151 156 165 167 170 171 173 178 180 189 208 209 217 218 268 554
95 387 392 402 433 488 503 514 546 558 562 565 568 580 587 589 637 641 652 670 740 742 790 818 862 890 908 941 1679 3420
96 12 13 15 17 18 19 22 23 26 27 30 31 33 34 35 36 38 40 42 43 44 45 46 48 49 52 54 55 56 61 62 68 72 74 120 139
97 670 31 4 34 0 9 14 99 519 1478 3 658 413 212 1258 13 6 61 2 1992 1002 960 1 278 358 1938 411 5 168 249 4301 6102 4142 5381
98 205 1487 46 106 1 42 40 0 179 43 410 5 23 9 157 26 1658 175 2 8 13 5748 6400 556 56 5645 6201 1636 17 52 27 236 3097 1263
99 7 1966 8 116 0 2498 15 9 14 75 1209 933 37 1 2 168 7497 3881 117 5197 97 303 41 4 21 27 5 2478 5863 3 599 4552 23 199 13 16 362 19 8044 155 1756 3110 138 708